<?xml version="1.0" encoding="UTF-8"?>
<coverage generated="1753289102207" clover="3.2.0">
  <project timestamp="1753289102207" name="All files">
    <metrics statements="235" coveredstatements="221" conditionals="46" coveredconditionals="41" methods="21" coveredmethods="19" elements="302" coveredelements="281" complexity="0" loc="235" ncloc="235" packages="2" files="10" classes="10"/>
    <package name="src">
      <metrics statements="129" coveredstatements="122" conditionals="33" coveredconditionals="29" methods="12" coveredmethods="12"/>
      <file name="app.tsx" path="/Users/alekseishapovalov/my-rick-morty-app/src/app.tsx">
        <metrics statements="95" coveredstatements="88" conditionals="26" coveredconditionals="23" methods="7" coveredmethods="7"/>
        <line num="1" count="1" type="stmt"/>
        <line num="2" count="1" type="stmt"/>
        <line num="5" count="1" type="stmt"/>
        <line num="6" count="1" type="stmt"/>
        <line num="8" count="1" type="stmt"/>
        <line num="9" count="1" type="cond" truecount="1" falsecount="0"/>
        <line num="10" count="12" type="stmt"/>
        <line num="11" count="12" type="stmt"/>
        <line num="12" count="12" type="stmt"/>
        <line num="13" count="12" type="stmt"/>
        <line num="14" count="12" type="stmt"/>
        <line num="16" count="1" type="cond" truecount="1" falsecount="0"/>
        <line num="17" count="12" type="stmt"/>
        <line num="18" count="12" type="stmt"/>
        <line num="19" count="12" type="stmt"/>
        <line num="20" count="12" type="stmt"/>
        <line num="21" count="12" type="stmt"/>
        <line num="23" count="1" type="cond" truecount="1" falsecount="0"/>
        <line num="24" count="69" type="stmt"/>
        <line num="25" count="69" type="stmt"/>
        <line num="27" count="1" type="cond" truecount="1" falsecount="0"/>
        <line num="28" count="17" type="stmt"/>
        <line num="29" count="17" type="stmt"/>
        <line num="31" count="1" type="cond" truecount="1" falsecount="0"/>
        <line num="32" count="21" type="stmt"/>
        <line num="33" count="21" type="stmt"/>
        <line num="34" count="21" type="stmt"/>
        <line num="35" count="21" type="stmt"/>
        <line num="36" count="21" type="stmt"/>
        <line num="37" count="21" type="stmt"/>
        <line num="38" count="21" type="cond" truecount="1" falsecount="0"/>
        <line num="39" count="4" type="cond" truecount="0" falsecount="1"/>
        <line num="40" count="0" type="stmt"/>
        <line num="41" count="0" type="stmt"/>
        <line num="42" count="0" type="stmt"/>
        <line num="43" count="0" type="stmt"/>
        <line num="44" count="0" type="stmt"/>
        <line num="45" count="21" type="cond" truecount="1" falsecount="0"/>
        <line num="46" count="17" type="stmt"/>
        <line num="47" count="17" type="cond" truecount="1" falsecount="0"/>
        <line num="48" count="10" type="cond" truecount="1" falsecount="0"/>
        <line num="49" count="17" type="cond" truecount="1" falsecount="0"/>
        <line num="50" count="4" type="stmt"/>
        <line num="51" count="4" type="stmt"/>
        <line num="52" count="4" type="stmt"/>
        <line num="53" count="4" type="cond" truecount="0" falsecount="1"/>
        <line num="54" count="4" type="stmt"/>
        <line num="55" count="4" type="stmt"/>
        <line num="56" count="4" type="stmt"/>
        <line num="57" count="4" type="stmt"/>
        <line num="58" count="4" type="stmt"/>
        <line num="59" count="21" type="cond" truecount="1" falsecount="0"/>
        <line num="60" count="4" type="stmt"/>
        <line num="61" count="4" type="stmt"/>
        <line num="62" count="4" type="cond" truecount="0" falsecount="1"/>
        <line num="63" count="0" type="stmt"/>
        <line num="64" count="0" type="stmt"/>
        <line num="65" count="4" type="stmt"/>
        <line num="66" count="21" type="stmt"/>
        <line num="68" count="1" type="cond" truecount="1" falsecount="0"/>
        <line num="69" count="12" type="stmt"/>
        <line num="70" count="12" type="cond" truecount="1" falsecount="0"/>
        <line num="71" count="12" type="cond" truecount="1" falsecount="0"/>
        <line num="72" count="12" type="stmt"/>
        <line num="73" count="12" type="stmt"/>
        <line num="74" count="12" type="stmt"/>
        <line num="76" count="1" type="cond" truecount="1" falsecount="0"/>
        <line num="77" count="124" type="stmt"/>
        <line num="78" count="124" type="stmt"/>
        <line num="79" count="124" type="stmt"/>
        <line num="80" count="124" type="stmt"/>
        <line num="81" count="124" type="cond" truecount="2" falsecount="0"/>
        <line num="82" count="124" type="cond" truecount="2" falsecount="0"/>
        <line num="83" count="124" type="stmt"/>
        <line num="84" count="124" type="stmt"/>
        <line num="85" count="124" type="stmt"/>
        <line num="86" count="124" type="stmt"/>
        <line num="87" count="124" type="stmt"/>
        <line num="88" count="124" type="stmt"/>
        <line num="89" count="124" type="cond" truecount="1" falsecount="0"/>
        <line num="90" count="24" type="cond" truecount="1" falsecount="0"/>
        <line num="91" count="2" type="cond" truecount="1" falsecount="0"/>
        <line num="93" count="22" type="stmt"/>
        <line num="94" count="22" type="stmt"/>
        <line num="95" count="22" type="stmt"/>
        <line num="96" count="22" type="stmt"/>
        <line num="97" count="22" type="stmt"/>
        <line num="98" count="22" type="stmt"/>
        <line num="99" count="22" type="stmt"/>
        <line num="100" count="22" type="cond" truecount="1" falsecount="0"/>
        <line num="102" count="100" type="stmt"/>
        <line num="103" count="124" type="stmt"/>
        <line num="104" count="124" type="stmt"/>
        <line num="106" count="124" type="stmt"/>
        <line num="107" count="1" type="stmt"/>
      </file>
      <file name="error_boundary.tsx" path="/Users/alekseishapovalov/my-rick-morty-app/src/error_boundary.tsx">
        <metrics statements="34" coveredstatements="34" conditionals="6" coveredconditionals="5" methods="4" coveredmethods="4"/>
        <line num="1" count="1" type="stmt"/>
        <line num="2" count="1" type="stmt"/>
        <line num="6" count="1" type="stmt"/>
        <line num="8" count="1" type="stmt"/>
        <line num="11" count="1" type="stmt"/>
        <line num="12" count="1" type="cond" truecount="1" falsecount="0"/>
        <line num="13" count="2" type="stmt"/>
        <line num="14" count="2" type="stmt"/>
        <line num="15" count="2" type="stmt"/>
        <line num="17" count="1" type="cond" truecount="1" falsecount="0"/>
        <line num="18" count="2" type="stmt"/>
        <line num="19" count="2" type="stmt"/>
        <line num="21" count="1" type="cond" truecount="1" falsecount="0"/>
        <line num="22" count="1" type="stmt"/>
        <line num="23" count="1" type="stmt"/>
        <line num="25" count="1" type="cond" truecount="1" falsecount="0"/>
        <line num="26" count="4" type="cond" truecount="1" falsecount="0"/>
        <line num="27" count="2" type="stmt"/>
        <line num="28" count="2" type="stmt"/>
        <line num="29" count="2" type="stmt"/>
        <line num="30" count="2" type="stmt"/>
        <line num="31" count="2" type="cond" truecount="0" falsecount="1"/>
        <line num="32" count="2" type="stmt"/>
        <line num="33" count="2" type="stmt"/>
        <line num="34" count="2" type="stmt"/>
        <line num="35" count="2" type="stmt"/>
        <line num="36" count="2" type="stmt"/>
        <line num="37" count="2" type="stmt"/>
        <line num="38" count="2" type="stmt"/>
        <line num="39" count="2" type="stmt"/>
        <line num="41" count="2" type="stmt"/>
        <line num="42" count="2" type="stmt"/>
        <line num="43" count="4" type="stmt"/>
        <line num="44" count="1" type="stmt"/>
      </file>
      <file name="types.ts" path="/Users/alekseishapovalov/my-rick-morty-app/src/types.ts">
        <metrics statements="0" coveredstatements="0" conditionals="1" coveredconditionals="1" methods="1" coveredmethods="1"/>
      </file>
    </package>
    <package name="src.components">
      <metrics statements="106" coveredstatements="99" conditionals="13" coveredconditionals="12" methods="9" coveredmethods="7"/>
      <file name="crash_button.tsx" path="/Users/alekseishapovalov/my-rick-morty-app/src/components/crash_button.tsx">
        <metrics statements="16" coveredstatements="12" conditionals="2" coveredconditionals="1" methods="2" coveredmethods="1"/>
        <line num="1" count="1" type="stmt"/>
        <line num="3" count="132" type="cond" truecount="1" falsecount="0"/>
        <line num="4" count="132" type="stmt"/>
        <line num="6" count="132" type="stmt"/>
        <line num="7" count="0" type="stmt"/>
        <line num="8" count="0" type="stmt"/>
        <line num="10" count="132" type="cond" truecount="0" falsecount="1"/>
        <line num="11" count="0" type="stmt"/>
        <line num="12" count="0" type="stmt"/>
        <line num="13" count="132" type="stmt"/>
        <line num="14" count="132" type="stmt"/>
        <line num="15" count="132" type="stmt"/>
        <line num="16" count="132" type="stmt"/>
        <line num="17" count="132" type="stmt"/>
        <line num="18" count="132" type="stmt"/>
        <line num="20" count="132" type="stmt"/>
      </file>
      <file name="error_message.tsx" path="/Users/alekseishapovalov/my-rick-morty-app/src/components/error_message.tsx">
        <metrics statements="16" coveredstatements="16" conditionals="3" coveredconditionals="3" methods="1" coveredmethods="1"/>
        <line num="1" count="1" type="stmt"/>
        <line num="3" count="26" type="cond" truecount="1" falsecount="0"/>
        <line num="4" count="26" type="stmt"/>
        <line num="6" count="26" type="stmt"/>
        <line num="7" count="26" type="stmt"/>
        <line num="8" count="26" type="cond" truecount="1" falsecount="0"/>
        <line num="9" count="2" type="stmt"/>
        <line num="10" count="2" type="stmt"/>
        <line num="11" count="2" type="stmt"/>
        <line num="12" count="2" type="stmt"/>
        <line num="13" count="2" type="cond" truecount="1" falsecount="0"/>
        <line num="15" count="24" type="stmt"/>
        <line num="16" count="24" type="stmt"/>
        <line num="17" count="24" type="stmt"/>
        <line num="19" count="26" type="stmt"/>
        <line num="21" count="26" type="stmt"/>
      </file>
      <file name="index.ts" path="/Users/alekseishapovalov/my-rick-morty-app/src/components/index.ts">
        <metrics statements="5" coveredstatements="5" conditionals="0" coveredconditionals="0" methods="0" coveredmethods="0"/>
        <line num="1" count="1" type="stmt"/>
        <line num="2" count="1" type="stmt"/>
        <line num="3" count="1" type="stmt"/>
        <line num="4" count="1" type="stmt"/>
        <line num="5" count="1" type="stmt"/>
      </file>
      <file name="results_list.tsx" path="/Users/alekseishapovalov/my-rick-morty-app/src/components/results_list.tsx">
        <metrics statements="22" coveredstatements="22" conditionals="4" coveredconditionals="4" methods="1" coveredmethods="1"/>
        <line num="3" count="1" type="stmt"/>
        <line num="5" count="129" type="cond" truecount="1" falsecount="0"/>
        <line num="6" count="129" type="stmt"/>
        <line num="8" count="129" type="stmt"/>
        <line num="9" count="129" type="stmt"/>
        <line num="10" count="129" type="cond" truecount="1" falsecount="0"/>
        <line num="11" count="8" type="stmt"/>
        <line num="12" count="8" type="stmt"/>
        <line num="13" count="8" type="stmt"/>
        <line num="14" count="8" type="stmt"/>
        <line num="16" count="8" type="stmt"/>
        <line num="17" count="8" type="stmt"/>
        <line num="18" count="8" type="cond" truecount="2" falsecount="0"/>
        <line num="19" count="8" type="stmt"/>
        <line num="20" count="8" type="stmt"/>
        <line num="21" count="8" type="stmt"/>
        <line num="22" count="8" type="stmt"/>
        <line num="23" count="8" type="stmt"/>
        <line num="24" count="8" type="stmt"/>
        <line num="25" count="129" type="stmt"/>
        <line num="26" count="129" type="stmt"/>
        <line num="28" count="129" type="stmt"/>
      </file>
      <file name="search_form.tsx" path="/Users/alekseishapovalov/my-rick-morty-app/src/components/search_form.tsx">
        <metrics statements="41" coveredstatements="38" conditionals="2" coveredconditionals="2" methods="3" coveredmethods="2"/>
        <line num="1" count="1" type="stmt"/>
        <line num="2" count="1" type="stmt"/>
        <line num="6" count="1" type="stmt"/>
        <line num="7" count="1" type="stmt"/>
        <line num="9" count="1" type="stmt"/>
        <line num="10" count="1" type="cond" truecount="1" falsecount="0"/>
        <line num="11" count="131" type="stmt"/>
        <line num="12" count="131" type="stmt"/>
        <line num="13" count="131" type="stmt"/>
        <line num="14" count="131" type="stmt"/>
        <line num="15" count="131" type="stmt"/>
        <line num="17" count="131" type="stmt"/>
        <line num="18" count="131" type="stmt"/>
        <line num="19" count="131" type="stmt"/>
        <line num="20" count="131" type="stmt"/>
        <line num="21" count="0" type="stmt"/>
        <line num="22" count="0" type="stmt"/>
        <line num="23" count="0" type="stmt"/>
        <line num="25" count="131" type="stmt"/>
        <line num="26" count="131" type="stmt"/>
        <line num="27" count="131" type="stmt"/>
        <line num="28" count="131" type="stmt"/>
        <line num="29" count="131" type="stmt"/>
        <line num="30" count="131" type="stmt"/>
        <line num="31" count="131" type="stmt"/>
        <line num="32" count="131" type="stmt"/>
        <line num="33" count="131" type="cond" truecount="1" falsecount="0"/>
        <line num="34" count="11" type="stmt"/>
        <line num="35" count="11" type="stmt"/>
        <line num="36" count="11" type="stmt"/>
        <line num="37" count="131" type="stmt"/>
        <line num="38" count="131" type="stmt"/>
        <line num="39" count="131" type="stmt"/>
        <line num="40" count="131" type="stmt"/>
        <line num="41" count="131" type="stmt"/>
        <line num="42" count="131" type="stmt"/>
        <line num="43" count="131" type="stmt"/>
        <line num="44" count="131" type="stmt"/>
        <line num="45" count="131" type="stmt"/>
        <line num="47" count="131" type="stmt"/>
        <line num="48" count="1" type="stmt"/>
      </file>
      <file name="spinner.tsx" path="/Users/alekseishapovalov/my-rick-morty-app/src/components/spinner.tsx">
        <metrics statements="6" coveredstatements="6" conditionals="1" coveredconditionals="1" methods="1" coveredmethods="1"/>
        <line num="1" count="76" type="cond" truecount="1" falsecount="0"/>
        <line num="2" count="76" type="stmt"/>
        <line num="3" count="76" type="stmt"/>
        <line num="4" count="76" type="stmt"/>
        <line num="5" count="76" type="stmt"/>
        <line num="7" count="76" type="stmt"/>
      </file>
      <file name="types.ts" path="/Users/alekseishapovalov/my-rick-morty-app/src/components/types.ts">
        <metrics statements="0" coveredstatements="0" conditionals="1" coveredconditionals="1" methods="1" coveredmethods="1"/>
      </file>
    </package>
  </project>
</coverage>
