{"/Users/alekseishapovalov/my-rick-morty-app/src/app.tsx": {"path":"/Users/alekseishapovalov/my-rick-morty-app/src/app.tsx","all":false,"statementMap":{"0":{"start":{"line":1,"column":0},"end":{"line":1,"column":34}},"1":{"start":{"line":2,"column":0},"end":{"line":2,"column":78}},"4":{"start":{"line":5,"column":0},"end":{"line":5,"column":19}},"5":{"start":{"line":6,"column":0},"end":{"line":6,"column":64}},"7":{"start":{"line":8,"column":0},"end":{"line":8,"column":44}},"8":{"start":{"line":9,"column":0},"end":{"line":9,"column":21}},"9":{"start":{"line":10,"column":0},"end":{"line":10,"column":19}},"10":{"start":{"line":11,"column":0},"end":{"line":11,"column":22}},"11":{"start":{"line":12,"column":0},"end":{"line":12,"column":19}},"12":{"start":{"line":13,"column":0},"end":{"line":13,"column":16}},"13":{"start":{"line":14,"column":0},"end":{"line":14,"column":4}},"15":{"start":{"line":16,"column":0},"end":{"line":16,"column":32}},"16":{"start":{"line":17,"column":0},"end":{"line":17,"column":17}},"17":{"start":{"line":18,"column":0},"end":{"line":18,"column":63}},"18":{"start":{"line":19,"column":0},"end":{"line":19,"column":55}},"19":{"start":{"line":20,"column":0},"end":{"line":20,"column":65}},"20":{"start":{"line":21,"column":0},"end":{"line":21,"column":3}},"22":{"start":{"line":23,"column":0},"end":{"line":23,"column":61}},"23":{"start":{"line":24,"column":0},"end":{"line":24,"column":50}},"24":{"start":{"line":25,"column":0},"end":{"line":25,"column":3}},"26":{"start":{"line":27,"column":0},"end":{"line":27,"column":31}},"27":{"start":{"line":28,"column":0},"end":{"line":28,"column":53}},"28":{"start":{"line":29,"column":0},"end":{"line":29,"column":3}},"30":{"start":{"line":31,"column":0},"end":{"line":31,"column":43}},"31":{"start":{"line":32,"column":0},"end":{"line":32,"column":50}},"32":{"start":{"line":33,"column":0},"end":{"line":33,"column":43}},"33":{"start":{"line":34,"column":0},"end":{"line":34,"column":54}},"34":{"start":{"line":35,"column":0},"end":{"line":35,"column":37}},"35":{"start":{"line":36,"column":0},"end":{"line":36,"column":72}},"36":{"start":{"line":37,"column":0},"end":{"line":37,"column":9}},"37":{"start":{"line":38,"column":0},"end":{"line":38,"column":37}},"38":{"start":{"line":39,"column":0},"end":{"line":39,"column":49}},"39":{"start":{"line":40,"column":0},"end":{"line":40,"column":30}},"40":{"start":{"line":41,"column":0},"end":{"line":41,"column":57}},"41":{"start":{"line":42,"column":0},"end":{"line":42,"column":9}},"42":{"start":{"line":43,"column":0},"end":{"line":43,"column":46}},"43":{"start":{"line":44,"column":0},"end":{"line":44,"column":71}},"44":{"start":{"line":45,"column":0},"end":{"line":45,"column":14}},"45":{"start":{"line":46,"column":0},"end":{"line":46,"column":92}},"46":{"start":{"line":47,"column":0},"end":{"line":47,"column":46}},"47":{"start":{"line":48,"column":0},"end":{"line":48,"column":43}},"48":{"start":{"line":49,"column":0},"end":{"line":49,"column":27}},"49":{"start":{"line":50,"column":0},"end":{"line":50,"column":25}},"50":{"start":{"line":51,"column":0},"end":{"line":51,"column":30}},"51":{"start":{"line":52,"column":0},"end":{"line":52,"column":27}},"52":{"start":{"line":53,"column":0},"end":{"line":53,"column":49}},"53":{"start":{"line":54,"column":0},"end":{"line":54,"column":13}},"54":{"start":{"line":55,"column":0},"end":{"line":55,"column":17}},"55":{"start":{"line":56,"column":0},"end":{"line":56,"column":9}},"56":{"start":{"line":57,"column":0},"end":{"line":57,"column":71}},"57":{"start":{"line":58,"column":0},"end":{"line":58,"column":7}},"58":{"start":{"line":59,"column":0},"end":{"line":59,"column":21}},"59":{"start":{"line":60,"column":0},"end":{"line":60,"column":35}},"60":{"start":{"line":61,"column":0},"end":{"line":61,"column":64}},"61":{"start":{"line":62,"column":0},"end":{"line":62,"column":14}},"62":{"start":{"line":63,"column":0},"end":{"line":63,"column":66}},"63":{"start":{"line":64,"column":0},"end":{"line":64,"column":7}},"64":{"start":{"line":65,"column":0},"end":{"line":65,"column":5}},"65":{"start":{"line":66,"column":0},"end":{"line":66,"column":3}},"67":{"start":{"line":68,"column":0},"end":{"line":68,"column":23}},"68":{"start":{"line":69,"column":0},"end":{"line":69,"column":43}},"69":{"start":{"line":70,"column":0},"end":{"line":70,"column":65}},"70":{"start":{"line":71,"column":0},"end":{"line":71,"column":41}},"71":{"start":{"line":72,"column":0},"end":{"line":72,"column":42}},"72":{"start":{"line":73,"column":0},"end":{"line":73,"column":7}},"73":{"start":{"line":74,"column":0},"end":{"line":74,"column":3}},"75":{"start":{"line":76,"column":0},"end":{"line":76,"column":12}},"76":{"start":{"line":77,"column":0},"end":{"line":77,"column":40}},"77":{"start":{"line":78,"column":0},"end":{"line":78,"column":35}},"78":{"start":{"line":79,"column":0},"end":{"line":79,"column":12}},"79":{"start":{"line":80,"column":0},"end":{"line":80,"column":27}},"80":{"start":{"line":81,"column":0},"end":{"line":81,"column":38}},"81":{"start":{"line":82,"column":0},"end":{"line":82,"column":62}},"82":{"start":{"line":83,"column":0},"end":{"line":83,"column":21}},"83":{"start":{"line":84,"column":0},"end":{"line":84,"column":46}},"84":{"start":{"line":85,"column":0},"end":{"line":85,"column":50}},"85":{"start":{"line":86,"column":0},"end":{"line":86,"column":52}},"86":{"start":{"line":87,"column":0},"end":{"line":87,"column":12}},"87":{"start":{"line":88,"column":0},"end":{"line":88,"column":14}},"88":{"start":{"line":89,"column":0},"end":{"line":89,"column":29}},"89":{"start":{"line":90,"column":0},"end":{"line":90,"column":58}},"90":{"start":{"line":91,"column":0},"end":{"line":91,"column":55}},"92":{"start":{"line":93,"column":0},"end":{"line":93,"column":41}},"93":{"start":{"line":94,"column":0},"end":{"line":94,"column":18}},"94":{"start":{"line":95,"column":0},"end":{"line":95,"column":38}},"95":{"start":{"line":96,"column":0},"end":{"line":96,"column":33}},"96":{"start":{"line":97,"column":0},"end":{"line":97,"column":47}},"97":{"start":{"line":98,"column":0},"end":{"line":98,"column":16}},"98":{"start":{"line":99,"column":0},"end":{"line":99,"column":57}},"99":{"start":{"line":100,"column":0},"end":{"line":100,"column":18}},"101":{"start":{"line":102,"column":0},"end":{"line":102,"column":17}},"102":{"start":{"line":103,"column":0},"end":{"line":103,"column":58}},"103":{"start":{"line":104,"column":0},"end":{"line":104,"column":12}},"105":{"start":{"line":106,"column":0},"end":{"line":106,"column":3}},"106":{"start":{"line":107,"column":0},"end":{"line":107,"column":1}}},"s":{"0":1,"1":1,"4":1,"5":1,"7":1,"8":1,"9":12,"10":12,"11":12,"12":12,"13":12,"15":1,"16":12,"17":12,"18":12,"19":12,"20":12,"22":1,"23":69,"24":69,"26":1,"27":17,"28":17,"30":1,"31":21,"32":21,"33":21,"34":21,"35":21,"36":21,"37":21,"38":4,"39":4,"40":0,"41":0,"42":4,"43":4,"44":21,"45":17,"46":17,"47":12,"48":17,"49":5,"50":5,"51":5,"52":5,"53":5,"54":5,"55":5,"56":3,"57":3,"58":21,"59":4,"60":4,"61":4,"62":0,"63":0,"64":4,"65":21,"67":1,"68":12,"69":12,"70":12,"71":12,"72":12,"73":12,"75":1,"76":124,"77":124,"78":124,"79":124,"80":124,"81":124,"82":124,"83":124,"84":124,"85":124,"86":124,"87":124,"88":124,"89":24,"90":2,"92":22,"93":22,"94":22,"95":22,"96":22,"97":22,"98":22,"99":22,"101":100,"102":124,"103":124,"105":124,"106":1},"branchMap":{"0":{"type":"branch","line":9,"loc":{"start":{"line":9,"column":2},"end":{"line":14,"column":4}},"locations":[{"start":{"line":9,"column":2},"end":{"line":14,"column":4}}]},"1":{"type":"branch","line":16,"loc":{"start":{"line":16,"column":2},"end":{"line":21,"column":3}},"locations":[{"start":{"line":16,"column":2},"end":{"line":21,"column":3}}]},"2":{"type":"branch","line":23,"loc":{"start":{"line":23,"column":2},"end":{"line":25,"column":3}},"locations":[{"start":{"line":23,"column":2},"end":{"line":25,"column":3}}]},"3":{"type":"branch","line":27,"loc":{"start":{"line":27,"column":2},"end":{"line":29,"column":3}},"locations":[{"start":{"line":27,"column":2},"end":{"line":29,"column":3}}]},"4":{"type":"branch","line":31,"loc":{"start":{"line":31,"column":2},"end":{"line":66,"column":3}},"locations":[{"start":{"line":31,"column":2},"end":{"line":66,"column":3}}]},"5":{"type":"branch","line":38,"loc":{"start":{"line":38,"column":36},"end":{"line":45,"column":13}},"locations":[{"start":{"line":38,"column":36},"end":{"line":45,"column":13}}]},"6":{"type":"branch","line":40,"loc":{"start":{"line":40,"column":29},"end":{"line":42,"column":9}},"locations":[{"start":{"line":40,"column":29},"end":{"line":42,"column":9}}]},"7":{"type":"branch","line":45,"loc":{"start":{"line":45,"column":6},"end":{"line":58,"column":7}},"locations":[{"start":{"line":45,"column":6},"end":{"line":58,"column":7}}]},"8":{"type":"branch","line":47,"loc":{"start":{"line":47,"column":44},"end":{"line":48,"column":43}},"locations":[{"start":{"line":47,"column":44},"end":{"line":48,"column":43}}]},"9":{"type":"branch","line":48,"loc":{"start":{"line":48,"column":41},"end":{"line":49,"column":26}},"locations":[{"start":{"line":48,"column":41},"end":{"line":49,"column":26}}]},"10":{"type":"branch","line":49,"loc":{"start":{"line":49,"column":26},"end":{"line":56,"column":9}},"locations":[{"start":{"line":49,"column":26},"end":{"line":56,"column":9}}]},"11":{"type":"branch","line":53,"loc":{"start":{"line":53,"column":24},"end":{"line":53,"column":49}},"locations":[{"start":{"line":53,"column":24},"end":{"line":53,"column":49}}]},"12":{"type":"branch","line":56,"loc":{"start":{"line":56,"column":8},"end":{"line":58,"column":7}},"locations":[{"start":{"line":56,"column":8},"end":{"line":58,"column":7}}]},"13":{"type":"branch","line":59,"loc":{"start":{"line":59,"column":4},"end":{"line":65,"column":5}},"locations":[{"start":{"line":59,"column":4},"end":{"line":65,"column":5}}]},"14":{"type":"branch","line":62,"loc":{"start":{"line":62,"column":6},"end":{"line":64,"column":7}},"locations":[{"start":{"line":62,"column":6},"end":{"line":64,"column":7}}]},"15":{"type":"branch","line":68,"loc":{"start":{"line":68,"column":2},"end":{"line":74,"column":3}},"locations":[{"start":{"line":68,"column":2},"end":{"line":74,"column":3}}]},"16":{"type":"branch","line":70,"loc":{"start":{"line":70,"column":57},"end":{"line":70,"column":65}},"locations":[{"start":{"line":70,"column":57},"end":{"line":70,"column":65}}]},"17":{"type":"branch","line":71,"loc":{"start":{"line":71,"column":34},"end":{"line":73,"column":5}},"locations":[{"start":{"line":71,"column":34},"end":{"line":73,"column":5}}]},"18":{"type":"branch","line":76,"loc":{"start":{"line":76,"column":2},"end":{"line":106,"column":3}},"locations":[{"start":{"line":76,"column":2},"end":{"line":106,"column":3}}]},"19":{"type":"branch","line":81,"loc":{"start":{"line":81,"column":9},"end":{"line":81,"column":33}},"locations":[{"start":{"line":81,"column":9},"end":{"line":81,"column":33}}]},"20":{"type":"branch","line":81,"loc":{"start":{"line":81,"column":28},"end":{"line":81,"column":38}},"locations":[{"start":{"line":81,"column":28},"end":{"line":81,"column":38}}]},"21":{"type":"branch","line":82,"loc":{"start":{"line":82,"column":35},"end":{"line":82,"column":58}},"locations":[{"start":{"line":82,"column":35},"end":{"line":82,"column":58}}]},"22":{"type":"branch","line":82,"loc":{"start":{"line":82,"column":45},"end":{"line":82,"column":62}},"locations":[{"start":{"line":82,"column":45},"end":{"line":82,"column":62}}]},"23":{"type":"branch","line":89,"loc":{"start":{"line":89,"column":20},"end":{"line":100,"column":18}},"locations":[{"start":{"line":89,"column":20},"end":{"line":100,"column":18}}]},"24":{"type":"branch","line":90,"loc":{"start":{"line":90,"column":31},"end":{"line":91,"column":55}},"locations":[{"start":{"line":90,"column":31},"end":{"line":91,"column":55}}]},"25":{"type":"branch","line":91,"loc":{"start":{"line":91,"column":53},"end":{"line":100,"column":18}},"locations":[{"start":{"line":91,"column":53},"end":{"line":100,"column":18}}]},"26":{"type":"branch","line":100,"loc":{"start":{"line":100,"column":12},"end":{"line":102,"column":17}},"locations":[{"start":{"line":100,"column":12},"end":{"line":102,"column":17}}]}},"b":{"0":[12],"1":[12],"2":[69],"3":[17],"4":[21],"5":[4],"6":[0],"7":[17],"8":[12],"9":[8],"10":[5],"11":[0],"12":[3],"13":[4],"14":[0],"15":[12],"16":[4],"17":[12],"18":[124],"19":[74],"20":[50],"21":[74],"22":[50],"23":[24],"24":[2],"25":[22],"26":[100]},"fnMap":{"0":{"name":"<instance_members_initializer>","decl":{"start":{"line":9,"column":2},"end":{"line":14,"column":4}},"loc":{"start":{"line":9,"column":2},"end":{"line":14,"column":4}},"line":9},"1":{"name":"App","decl":{"start":{"line":16,"column":2},"end":{"line":21,"column":3}},"loc":{"start":{"line":16,"column":2},"end":{"line":21,"column":3}},"line":16},"2":{"name":"handleInputChange","decl":{"start":{"line":23,"column":2},"end":{"line":25,"column":3}},"loc":{"start":{"line":23,"column":2},"end":{"line":25,"column":3}},"line":23},"3":{"name":"nameTransform","decl":{"start":{"line":27,"column":2},"end":{"line":29,"column":3}},"loc":{"start":{"line":27,"column":2},"end":{"line":29,"column":3}},"line":27},"4":{"name":"handleSearchSubmit","decl":{"start":{"line":31,"column":2},"end":{"line":66,"column":3}},"loc":{"start":{"line":31,"column":2},"end":{"line":66,"column":3}},"line":31},"5":{"name":"componentDidMount","decl":{"start":{"line":68,"column":2},"end":{"line":74,"column":3}},"loc":{"start":{"line":68,"column":2},"end":{"line":74,"column":3}},"line":68},"6":{"name":"render","decl":{"start":{"line":76,"column":2},"end":{"line":106,"column":3}},"loc":{"start":{"line":76,"column":2},"end":{"line":106,"column":3}},"line":76}},"f":{"0":12,"1":12,"2":69,"3":17,"4":21,"5":12,"6":124}}
,"/Users/alekseishapovalov/my-rick-morty-app/src/error_boundary.tsx": {"path":"/Users/alekseishapovalov/my-rick-morty-app/src/error_boundary.tsx","all":false,"statementMap":{"0":{"start":{"line":1,"column":0},"end":{"line":1,"column":34}},"1":{"start":{"line":2,"column":0},"end":{"line":2,"column":44}},"5":{"start":{"line":6,"column":0},"end":{"line":6,"column":62}},"7":{"start":{"line":8,"column":0},"end":{"line":8,"column":53}},"10":{"start":{"line":11,"column":0},"end":{"line":11,"column":3}},"11":{"start":{"line":12,"column":0},"end":{"line":12,"column":31}},"12":{"start":{"line":13,"column":0},"end":{"line":13,"column":20}},"13":{"start":{"line":14,"column":0},"end":{"line":14,"column":16}},"14":{"start":{"line":15,"column":0},"end":{"line":15,"column":4}},"16":{"start":{"line":17,"column":0},"end":{"line":17,"column":69}},"17":{"start":{"line":18,"column":0},"end":{"line":18,"column":37}},"18":{"start":{"line":19,"column":0},"end":{"line":19,"column":3}},"20":{"start":{"line":21,"column":0},"end":{"line":21,"column":63}},"21":{"start":{"line":22,"column":0},"end":{"line":22,"column":70}},"22":{"start":{"line":23,"column":0},"end":{"line":23,"column":3}},"24":{"start":{"line":25,"column":0},"end":{"line":25,"column":12}},"25":{"start":{"line":26,"column":0},"end":{"line":26,"column":30}},"26":{"start":{"line":27,"column":0},"end":{"line":27,"column":14}},"27":{"start":{"line":28,"column":0},"end":{"line":28,"column":10}},"28":{"start":{"line":29,"column":0},"end":{"line":29,"column":39}},"29":{"start":{"line":30,"column":0},"end":{"line":30,"column":25}},"30":{"start":{"line":31,"column":0},"end":{"line":31,"column":75}},"31":{"start":{"line":32,"column":0},"end":{"line":32,"column":14}},"32":{"start":{"line":33,"column":0},"end":{"line":33,"column":16}},"33":{"start":{"line":34,"column":0},"end":{"line":34,"column":35}},"34":{"start":{"line":35,"column":0},"end":{"line":35,"column":34}},"35":{"start":{"line":36,"column":0},"end":{"line":36,"column":44}},"36":{"start":{"line":37,"column":0},"end":{"line":37,"column":14}},"37":{"start":{"line":38,"column":0},"end":{"line":38,"column":16}},"38":{"start":{"line":39,"column":0},"end":{"line":39,"column":11}},"40":{"start":{"line":41,"column":0},"end":{"line":41,"column":5}},"41":{"start":{"line":42,"column":0},"end":{"line":42,"column":31}},"42":{"start":{"line":43,"column":0},"end":{"line":43,"column":3}},"43":{"start":{"line":44,"column":0},"end":{"line":44,"column":1}}},"s":{"0":1,"1":1,"5":1,"7":1,"10":1,"11":1,"12":2,"13":2,"14":2,"16":1,"17":2,"18":2,"20":1,"21":1,"22":1,"24":1,"25":4,"26":2,"27":2,"28":2,"29":2,"30":2,"31":2,"32":2,"33":2,"34":2,"35":2,"36":2,"37":2,"38":2,"40":2,"41":2,"42":4,"43":1},"branchMap":{"0":{"type":"branch","line":12,"loc":{"start":{"line":12,"column":2},"end":{"line":15,"column":4}},"locations":[{"start":{"line":12,"column":2},"end":{"line":15,"column":4}}]},"1":{"type":"branch","line":17,"loc":{"start":{"line":17,"column":9},"end":{"line":19,"column":3}},"locations":[{"start":{"line":17,"column":9},"end":{"line":19,"column":3}}]},"2":{"type":"branch","line":21,"loc":{"start":{"line":21,"column":2},"end":{"line":23,"column":3}},"locations":[{"start":{"line":21,"column":2},"end":{"line":23,"column":3}}]},"3":{"type":"branch","line":25,"loc":{"start":{"line":25,"column":2},"end":{"line":43,"column":3}},"locations":[{"start":{"line":25,"column":2},"end":{"line":43,"column":3}}]},"4":{"type":"branch","line":26,"loc":{"start":{"line":26,"column":29},"end":{"line":42,"column":31}},"locations":[{"start":{"line":26,"column":29},"end":{"line":42,"column":31}}]},"5":{"type":"branch","line":31,"loc":{"start":{"line":31,"column":41},"end":{"line":31,"column":75}},"locations":[{"start":{"line":31,"column":41},"end":{"line":31,"column":75}}]}},"b":{"0":[2],"1":[2],"2":[1],"3":[4],"4":[2],"5":[0]},"fnMap":{"0":{"name":"<instance_members_initializer>","decl":{"start":{"line":12,"column":2},"end":{"line":15,"column":4}},"loc":{"start":{"line":12,"column":2},"end":{"line":15,"column":4}},"line":12},"1":{"name":"getDerivedStateFromError","decl":{"start":{"line":17,"column":9},"end":{"line":19,"column":3}},"loc":{"start":{"line":17,"column":9},"end":{"line":19,"column":3}},"line":17},"2":{"name":"componentDidCatch","decl":{"start":{"line":21,"column":2},"end":{"line":23,"column":3}},"loc":{"start":{"line":21,"column":2},"end":{"line":23,"column":3}},"line":21},"3":{"name":"render","decl":{"start":{"line":25,"column":2},"end":{"line":43,"column":3}},"loc":{"start":{"line":25,"column":2},"end":{"line":43,"column":3}},"line":25}},"f":{"0":2,"1":2,"2":1,"3":4}}
,"/Users/alekseishapovalov/my-rick-morty-app/src/main.tsx": {"path":"/Users/alekseishapovalov/my-rick-morty-app/src/main.tsx","all":true,"statementMap":{"0":{"start":{"line":1,"column":0},"end":{"line":1,"column":26}},"1":{"start":{"line":2,"column":0},"end":{"line":2,"column":40}},"3":{"start":{"line":4,"column":0},"end":{"line":4,"column":40}},"5":{"start":{"line":6,"column":0},"end":{"line":6,"column":21}},"7":{"start":{"line":8,"column":0},"end":{"line":8,"column":52}},"9":{"start":{"line":10,"column":0},"end":{"line":10,"column":19}},"10":{"start":{"line":11,"column":0},"end":{"line":11,"column":44}},"11":{"start":{"line":12,"column":0},"end":{"line":12,"column":1}},"13":{"start":{"line":14,"column":0},"end":{"line":14,"column":40}},"14":{"start":{"line":15,"column":0},"end":{"line":15,"column":20}},"15":{"start":{"line":16,"column":0},"end":{"line":16,"column":19}},"16":{"start":{"line":17,"column":0},"end":{"line":17,"column":13}},"17":{"start":{"line":18,"column":0},"end":{"line":18,"column":20}},"18":{"start":{"line":19,"column":0},"end":{"line":19,"column":21}},"19":{"start":{"line":20,"column":0},"end":{"line":20,"column":2}}},"s":{"0":0,"1":0,"3":0,"5":0,"7":0,"9":0,"10":0,"11":0,"13":0,"14":0,"15":0,"16":0,"17":0,"18":0,"19":0},"branchMap":{"0":{"type":"branch","line":1,"loc":{"start":{"line":1,"column":344},"end":{"line":20,"column":-286}},"locations":[{"start":{"line":1,"column":344},"end":{"line":20,"column":-286}}]}},"b":{"0":[0]},"fnMap":{"0":{"name":"(empty-report)","decl":{"start":{"line":1,"column":344},"end":{"line":20,"column":-286}},"loc":{"start":{"line":1,"column":344},"end":{"line":20,"column":-286}},"line":1}},"f":{"0":0}}
,"/Users/alekseishapovalov/my-rick-morty-app/src/types.ts": {"path":"/Users/alekseishapovalov/my-rick-morty-app/src/types.ts","all":true,"statementMap":{},"s":{},"branchMap":{"0":{"type":"branch","line":1,"loc":{"start":{"line":1,"column":464},"end":{"line":25,"column":66}},"locations":[{"start":{"line":1,"column":464},"end":{"line":25,"column":66}}]}},"b":{"0":[1]},"fnMap":{"0":{"name":"(empty-report)","decl":{"start":{"line":1,"column":464},"end":{"line":25,"column":66}},"loc":{"start":{"line":1,"column":464},"end":{"line":25,"column":66}},"line":1}},"f":{"0":1}}
,"/Users/alekseishapovalov/my-rick-morty-app/src/components/crash_button.tsx": {"path":"/Users/alekseishapovalov/my-rick-morty-app/src/components/crash_button.tsx","all":false,"statementMap":{"0":{"start":{"line":1,"column":0},"end":{"line":1,"column":34}},"4":{"start":{"line":5,"column":0},"end":{"line":5,"column":51}},"7":{"start":{"line":8,"column":0},"end":{"line":8,"column":3}},"8":{"start":{"line":9,"column":0},"end":{"line":9,"column":45}},"9":{"start":{"line":10,"column":0},"end":{"line":10,"column":17}},"10":{"start":{"line":11,"column":0},"end":{"line":11,"column":37}},"11":{"start":{"line":12,"column":0},"end":{"line":12,"column":53}},"12":{"start":{"line":13,"column":0},"end":{"line":13,"column":3}},"14":{"start":{"line":15,"column":0},"end":{"line":15,"column":18}},"15":{"start":{"line":16,"column":0},"end":{"line":16,"column":38}},"16":{"start":{"line":17,"column":0},"end":{"line":17,"column":3}},"18":{"start":{"line":19,"column":0},"end":{"line":19,"column":12}},"19":{"start":{"line":20,"column":0},"end":{"line":20,"column":30}},"20":{"start":{"line":21,"column":0},"end":{"line":21,"column":68}},"21":{"start":{"line":22,"column":0},"end":{"line":22,"column":5}},"22":{"start":{"line":23,"column":0},"end":{"line":23,"column":12}},"23":{"start":{"line":24,"column":0},"end":{"line":24,"column":13}},"24":{"start":{"line":25,"column":0},"end":{"line":25,"column":29}},"25":{"start":{"line":26,"column":0},"end":{"line":26,"column":35}},"26":{"start":{"line":27,"column":0},"end":{"line":27,"column":30}},"27":{"start":{"line":28,"column":0},"end":{"line":28,"column":8}},"29":{"start":{"line":30,"column":0},"end":{"line":30,"column":3}},"30":{"start":{"line":31,"column":0},"end":{"line":31,"column":1}}},"s":{"0":1,"4":1,"7":1,"8":1,"9":20,"10":20,"11":20,"12":20,"14":1,"15":0,"16":0,"18":1,"19":132,"20":0,"21":0,"22":132,"23":132,"24":132,"25":132,"26":132,"27":132,"29":132,"30":1},"branchMap":{"0":{"type":"branch","line":9,"loc":{"start":{"line":9,"column":2},"end":{"line":13,"column":3}},"locations":[{"start":{"line":9,"column":2},"end":{"line":13,"column":3}}]},"1":{"type":"branch","line":19,"loc":{"start":{"line":19,"column":2},"end":{"line":30,"column":3}},"locations":[{"start":{"line":19,"column":2},"end":{"line":30,"column":3}}]},"2":{"type":"branch","line":20,"loc":{"start":{"line":20,"column":29},"end":{"line":22,"column":5}},"locations":[{"start":{"line":20,"column":29},"end":{"line":22,"column":5}}]}},"b":{"0":[20],"1":[132],"2":[0]},"fnMap":{"0":{"name":"CrashButton","decl":{"start":{"line":9,"column":2},"end":{"line":13,"column":3}},"loc":{"start":{"line":9,"column":2},"end":{"line":13,"column":3}},"line":9},"1":{"name":"releaseCrash","decl":{"start":{"line":15,"column":2},"end":{"line":17,"column":3}},"loc":{"start":{"line":15,"column":2},"end":{"line":17,"column":3}},"line":15},"2":{"name":"render","decl":{"start":{"line":19,"column":2},"end":{"line":30,"column":3}},"loc":{"start":{"line":19,"column":2},"end":{"line":30,"column":3}},"line":19}},"f":{"0":20,"1":0,"2":132}}
,"/Users/alekseishapovalov/my-rick-morty-app/src/components/error_message.tsx": {"path":"/Users/alekseishapovalov/my-rick-morty-app/src/components/error_message.tsx","all":false,"statementMap":{"0":{"start":{"line":1,"column":0},"end":{"line":1,"column":34}},"2":{"start":{"line":3,"column":0},"end":{"line":3,"column":58}},"6":{"start":{"line":7,"column":0},"end":{"line":7,"column":72}},"7":{"start":{"line":8,"column":0},"end":{"line":8,"column":12}},"8":{"start":{"line":9,"column":0},"end":{"line":9,"column":35}},"9":{"start":{"line":10,"column":0},"end":{"line":10,"column":79}},"11":{"start":{"line":12,"column":0},"end":{"line":12,"column":12}},"12":{"start":{"line":13,"column":0},"end":{"line":13,"column":37}},"13":{"start":{"line":14,"column":0},"end":{"line":14,"column":23}},"14":{"start":{"line":15,"column":0},"end":{"line":15,"column":14}},"15":{"start":{"line":16,"column":0},"end":{"line":16,"column":30}},"16":{"start":{"line":17,"column":0},"end":{"line":17,"column":34}},"17":{"start":{"line":18,"column":0},"end":{"line":18,"column":40}},"18":{"start":{"line":19,"column":0},"end":{"line":19,"column":12}},"20":{"start":{"line":21,"column":0},"end":{"line":21,"column":39}},"21":{"start":{"line":22,"column":0},"end":{"line":22,"column":41}},"22":{"start":{"line":23,"column":0},"end":{"line":23,"column":14}},"24":{"start":{"line":25,"column":0},"end":{"line":25,"column":12}},"26":{"start":{"line":27,"column":0},"end":{"line":27,"column":3}},"27":{"start":{"line":28,"column":0},"end":{"line":28,"column":1}}},"s":{"0":1,"2":1,"6":1,"7":1,"8":26,"9":26,"11":26,"12":26,"13":26,"14":2,"15":2,"16":2,"17":2,"18":2,"20":24,"21":24,"22":24,"24":26,"26":26,"27":1},"branchMap":{"0":{"type":"branch","line":8,"loc":{"start":{"line":8,"column":2},"end":{"line":27,"column":3}},"locations":[{"start":{"line":8,"column":2},"end":{"line":27,"column":3}}]},"1":{"type":"branch","line":14,"loc":{"start":{"line":14,"column":9},"end":{"line":19,"column":12}},"locations":[{"start":{"line":14,"column":9},"end":{"line":19,"column":12}}]},"2":{"type":"branch","line":19,"loc":{"start":{"line":19,"column":10},"end":{"line":23,"column":14}},"locations":[{"start":{"line":19,"column":10},"end":{"line":23,"column":14}}]}},"b":{"0":[26],"1":[2],"2":[24]},"fnMap":{"0":{"name":"render","decl":{"start":{"line":8,"column":2},"end":{"line":27,"column":3}},"loc":{"start":{"line":8,"column":2},"end":{"line":27,"column":3}},"line":8}},"f":{"0":26}}
,"/Users/alekseishapovalov/my-rick-morty-app/src/components/index.ts": {"path":"/Users/alekseishapovalov/my-rick-morty-app/src/components/index.ts","all":false,"statementMap":{"0":{"start":{"line":1,"column":0},"end":{"line":1,"column":56}},"1":{"start":{"line":2,"column":0},"end":{"line":2,"column":54}},"2":{"start":{"line":3,"column":0},"end":{"line":3,"column":58}},"3":{"start":{"line":4,"column":0},"end":{"line":4,"column":56}},"4":{"start":{"line":5,"column":0},"end":{"line":5,"column":47}}},"s":{"0":1,"1":1,"2":1,"3":1,"4":1},"branchMap":{},"b":{},"fnMap":{},"f":{}}
,"/Users/alekseishapovalov/my-rick-morty-app/src/components/results_list.tsx": {"path":"/Users/alekseishapovalov/my-rick-morty-app/src/components/results_list.tsx","all":false,"statementMap":{"0":{"start":{"line":1,"column":0},"end":{"line":1,"column":34}},"4":{"start":{"line":5,"column":0},"end":{"line":5,"column":60}},"6":{"start":{"line":7,"column":0},"end":{"line":7,"column":70}},"7":{"start":{"line":8,"column":0},"end":{"line":8,"column":12}},"8":{"start":{"line":9,"column":0},"end":{"line":9,"column":12}},"9":{"start":{"line":10,"column":0},"end":{"line":10,"column":42}},"10":{"start":{"line":11,"column":0},"end":{"line":11,"column":55}},"11":{"start":{"line":12,"column":0},"end":{"line":12,"column":14}},"12":{"start":{"line":13,"column":0},"end":{"line":13,"column":23}},"13":{"start":{"line":14,"column":0},"end":{"line":14,"column":49}},"14":{"start":{"line":15,"column":0},"end":{"line":15,"column":40}},"16":{"start":{"line":17,"column":0},"end":{"line":17,"column":16}},"17":{"start":{"line":18,"column":0},"end":{"line":18,"column":41}},"18":{"start":{"line":19,"column":0},"end":{"line":19,"column":67}},"19":{"start":{"line":20,"column":0},"end":{"line":20,"column":34}},"20":{"start":{"line":21,"column":0},"end":{"line":21,"column":14}},"21":{"start":{"line":22,"column":0},"end":{"line":22,"column":51}},"22":{"start":{"line":23,"column":0},"end":{"line":23,"column":66}},"23":{"start":{"line":24,"column":0},"end":{"line":24,"column":69}},"24":{"start":{"line":25,"column":0},"end":{"line":25,"column":21}},"25":{"start":{"line":26,"column":0},"end":{"line":26,"column":49}},"26":{"start":{"line":27,"column":0},"end":{"line":27,"column":48}},"27":{"start":{"line":28,"column":0},"end":{"line":28,"column":31}},"28":{"start":{"line":29,"column":0},"end":{"line":29,"column":51}},"29":{"start":{"line":30,"column":0},"end":{"line":30,"column":31}},"30":{"start":{"line":31,"column":0},"end":{"line":31,"column":32}},"31":{"start":{"line":32,"column":0},"end":{"line":32,"column":21}},"32":{"start":{"line":33,"column":0},"end":{"line":33,"column":24}},"33":{"start":{"line":34,"column":0},"end":{"line":34,"column":36}},"34":{"start":{"line":35,"column":0},"end":{"line":35,"column":64}},"35":{"start":{"line":36,"column":0},"end":{"line":36,"column":23}},"36":{"start":{"line":37,"column":0},"end":{"line":37,"column":37}},"37":{"start":{"line":38,"column":0},"end":{"line":38,"column":23}},"38":{"start":{"line":39,"column":0},"end":{"line":39,"column":18}},"39":{"start":{"line":40,"column":0},"end":{"line":40,"column":38}},"40":{"start":{"line":41,"column":0},"end":{"line":41,"column":41}},"41":{"start":{"line":42,"column":0},"end":{"line":42,"column":77}},"42":{"start":{"line":43,"column":0},"end":{"line":43,"column":18}},"43":{"start":{"line":44,"column":0},"end":{"line":44,"column":18}},"44":{"start":{"line":45,"column":0},"end":{"line":45,"column":16}},"45":{"start":{"line":46,"column":0},"end":{"line":46,"column":11}},"46":{"start":{"line":47,"column":0},"end":{"line":47,"column":16}},"48":{"start":{"line":49,"column":0},"end":{"line":49,"column":3}},"49":{"start":{"line":50,"column":0},"end":{"line":50,"column":1}}},"s":{"0":1,"4":1,"6":1,"7":1,"8":132,"9":132,"10":132,"11":11,"12":11,"13":11,"14":11,"16":11,"17":11,"18":11,"19":11,"20":11,"21":11,"22":11,"23":11,"24":11,"25":11,"26":11,"27":0,"28":11,"29":0,"30":11,"31":11,"32":11,"33":11,"34":11,"35":11,"36":11,"37":11,"38":11,"39":11,"40":11,"41":11,"42":11,"43":11,"44":11,"45":132,"46":132,"48":132,"49":1},"branchMap":{"0":{"type":"branch","line":8,"loc":{"start":{"line":8,"column":2},"end":{"line":49,"column":3}},"locations":[{"start":{"line":8,"column":2},"end":{"line":49,"column":3}}]},"1":{"type":"branch","line":11,"loc":{"start":{"line":11,"column":32},"end":{"line":45,"column":16}},"locations":[{"start":{"line":11,"column":32},"end":{"line":45,"column":16}}]},"2":{"type":"branch","line":19,"loc":{"start":{"line":19,"column":29},"end":{"line":19,"column":55}},"locations":[{"start":{"line":19,"column":29},"end":{"line":19,"column":55}}]},"3":{"type":"branch","line":19,"loc":{"start":{"line":19,"column":47},"end":{"line":19,"column":67}},"locations":[{"start":{"line":19,"column":47},"end":{"line":19,"column":67}}]},"4":{"type":"branch","line":27,"loc":{"start":{"line":27,"column":41},"end":{"line":28,"column":31}},"locations":[{"start":{"line":27,"column":41},"end":{"line":28,"column":31}}]},"5":{"type":"branch","line":29,"loc":{"start":{"line":29,"column":45},"end":{"line":30,"column":31}},"locations":[{"start":{"line":29,"column":45},"end":{"line":30,"column":31}}]}},"b":{"0":[132],"1":[11],"2":[10],"3":[1],"4":[0],"5":[0]},"fnMap":{"0":{"name":"render","decl":{"start":{"line":8,"column":2},"end":{"line":49,"column":3}},"loc":{"start":{"line":8,"column":2},"end":{"line":49,"column":3}},"line":8}},"f":{"0":132}}
,"/Users/alekseishapovalov/my-rick-morty-app/src/components/search_form.tsx": {"path":"/Users/alekseishapovalov/my-rick-morty-app/src/components/search_form.tsx","all":false,"statementMap":{"0":{"start":{"line":1,"column":0},"end":{"line":1,"column":34}},"1":{"start":{"line":2,"column":0},"end":{"line":2,"column":33}},"5":{"start":{"line":6,"column":0},"end":{"line":6,"column":74}},"6":{"start":{"line":7,"column":0},"end":{"line":7,"column":45}},"8":{"start":{"line":9,"column":0},"end":{"line":9,"column":68}},"9":{"start":{"line":10,"column":0},"end":{"line":10,"column":12}},"10":{"start":{"line":11,"column":0},"end":{"line":11,"column":12}},"11":{"start":{"line":12,"column":0},"end":{"line":12,"column":8}},"12":{"start":{"line":13,"column":0},"end":{"line":13,"column":36}},"13":{"start":{"line":14,"column":0},"end":{"line":14,"column":48}},"14":{"start":{"line":15,"column":0},"end":{"line":15,"column":64}},"16":{"start":{"line":17,"column":0},"end":{"line":17,"column":40}},"17":{"start":{"line":18,"column":0},"end":{"line":18,"column":73}},"18":{"start":{"line":19,"column":0},"end":{"line":19,"column":17}},"19":{"start":{"line":20,"column":0},"end":{"line":20,"column":32}},"20":{"start":{"line":21,"column":0},"end":{"line":21,"column":35}},"21":{"start":{"line":22,"column":0},"end":{"line":22,"column":65}},"22":{"start":{"line":23,"column":0},"end":{"line":23,"column":16}},"24":{"start":{"line":25,"column":0},"end":{"line":25,"column":20}},"25":{"start":{"line":26,"column":0},"end":{"line":26,"column":40}},"26":{"start":{"line":27,"column":0},"end":{"line":27,"column":45}},"27":{"start":{"line":28,"column":0},"end":{"line":28,"column":51}},"28":{"start":{"line":29,"column":0},"end":{"line":29,"column":55}},"29":{"start":{"line":30,"column":0},"end":{"line":30,"column":27}},"30":{"start":{"line":31,"column":0},"end":{"line":31,"column":16}},"31":{"start":{"line":32,"column":0},"end":{"line":32,"column":21}},"32":{"start":{"line":33,"column":0},"end":{"line":33,"column":33}},"33":{"start":{"line":34,"column":0},"end":{"line":34,"column":37}},"34":{"start":{"line":35,"column":0},"end":{"line":35,"column":67}},"35":{"start":{"line":36,"column":0},"end":{"line":36,"column":18}},"36":{"start":{"line":37,"column":0},"end":{"line":37,"column":38}},"37":{"start":{"line":38,"column":0},"end":{"line":38,"column":29}},"38":{"start":{"line":39,"column":0},"end":{"line":39,"column":35}},"39":{"start":{"line":40,"column":0},"end":{"line":40,"column":16}},"40":{"start":{"line":41,"column":0},"end":{"line":41,"column":19}},"41":{"start":{"line":42,"column":0},"end":{"line":42,"column":27}},"42":{"start":{"line":43,"column":0},"end":{"line":43,"column":16}},"43":{"start":{"line":44,"column":0},"end":{"line":44,"column":18}},"44":{"start":{"line":45,"column":0},"end":{"line":45,"column":9}},"46":{"start":{"line":47,"column":0},"end":{"line":47,"column":3}},"47":{"start":{"line":48,"column":0},"end":{"line":48,"column":1}}},"s":{"0":1,"1":1,"5":1,"6":1,"8":1,"9":1,"10":131,"11":131,"12":131,"13":131,"14":131,"16":131,"17":131,"18":131,"19":131,"20":0,"21":0,"22":0,"24":131,"25":131,"26":131,"27":131,"28":131,"29":131,"30":131,"31":131,"32":131,"33":11,"34":11,"35":11,"36":131,"37":131,"38":131,"39":131,"40":131,"41":131,"42":131,"43":131,"44":131,"46":131,"47":1},"branchMap":{"0":{"type":"branch","line":10,"loc":{"start":{"line":10,"column":2},"end":{"line":47,"column":3}},"locations":[{"start":{"line":10,"column":2},"end":{"line":47,"column":3}}]},"1":{"type":"branch","line":33,"loc":{"start":{"line":33,"column":25},"end":{"line":36,"column":18}},"locations":[{"start":{"line":33,"column":25},"end":{"line":36,"column":18}}]}},"b":{"0":[131],"1":[11]},"fnMap":{"0":{"name":"render","decl":{"start":{"line":10,"column":2},"end":{"line":47,"column":3}},"loc":{"start":{"line":10,"column":2},"end":{"line":47,"column":3}},"line":10},"1":{"name":"onSubmit","decl":{"start":{"line":20,"column":24},"end":{"line":23,"column":16}},"loc":{"start":{"line":20,"column":24},"end":{"line":23,"column":16}},"line":20},"2":{"name":"onClick","decl":{"start":{"line":33,"column":25},"end":{"line":36,"column":18}},"loc":{"start":{"line":33,"column":25},"end":{"line":36,"column":18}},"line":33}},"f":{"0":131,"1":0,"2":11}}
,"/Users/alekseishapovalov/my-rick-morty-app/src/components/spinner.tsx": {"path":"/Users/alekseishapovalov/my-rick-morty-app/src/components/spinner.tsx","all":false,"statementMap":{"0":{"start":{"line":1,"column":0},"end":{"line":1,"column":34}},"2":{"start":{"line":3,"column":0},"end":{"line":3,"column":48}},"3":{"start":{"line":4,"column":0},"end":{"line":4,"column":12}},"4":{"start":{"line":5,"column":0},"end":{"line":5,"column":12}},"5":{"start":{"line":6,"column":0},"end":{"line":6,"column":66}},"6":{"start":{"line":7,"column":0},"end":{"line":7,"column":78}},"7":{"start":{"line":8,"column":0},"end":{"line":8,"column":12}},"9":{"start":{"line":10,"column":0},"end":{"line":10,"column":3}},"10":{"start":{"line":11,"column":0},"end":{"line":11,"column":1}}},"s":{"0":1,"2":1,"3":1,"4":76,"5":76,"6":76,"7":76,"9":76,"10":1},"branchMap":{"0":{"type":"branch","line":4,"loc":{"start":{"line":4,"column":2},"end":{"line":10,"column":3}},"locations":[{"start":{"line":4,"column":2},"end":{"line":10,"column":3}}]}},"b":{"0":[76]},"fnMap":{"0":{"name":"render","decl":{"start":{"line":4,"column":2},"end":{"line":10,"column":3}},"loc":{"start":{"line":4,"column":2},"end":{"line":10,"column":3}},"line":4}},"f":{"0":76}}
,"/Users/alekseishapovalov/my-rick-morty-app/src/components/types.ts": {"path":"/Users/alekseishapovalov/my-rick-morty-app/src/components/types.ts","all":true,"statementMap":{},"s":{},"branchMap":{"0":{"type":"branch","line":1,"loc":{"start":{"line":1,"column":483},"end":{"line":27,"column":1}},"locations":[{"start":{"line":1,"column":483},"end":{"line":27,"column":1}}]}},"b":{"0":[1]},"fnMap":{"0":{"name":"(empty-report)","decl":{"start":{"line":1,"column":483},"end":{"line":27,"column":1}},"loc":{"start":{"line":1,"column":483},"end":{"line":27,"column":1}},"line":1}},"f":{"0":1}}
,"/Users/alekseishapovalov/my-rick-morty-app/src/test-utils/index.ts": {"path":"/Users/alekseishapovalov/my-rick-morty-app/src/test-utils/index.ts","all":true,"statementMap":{"0":{"start":{"line":1,"column":0},"end":{"line":1,"column":39}},"1":{"start":{"line":2,"column":0},"end":{"line":2,"column":58}}},"s":{"0":0,"1":0},"branchMap":{"0":{"type":"branch","line":1,"loc":{"start":{"line":1,"column":98},"end":{"line":2,"column":58}},"locations":[{"start":{"line":1,"column":98},"end":{"line":2,"column":58}}]}},"b":{"0":[0]},"fnMap":{"0":{"name":"(empty-report)","decl":{"start":{"line":1,"column":98},"end":{"line":2,"column":58}},"loc":{"start":{"line":1,"column":98},"end":{"line":2,"column":58}},"line":1}},"f":{"0":0}}
}
